
🔒 M1SSION™ Push SAFE Guard - Starting checks...

📋 Check 1: Service Worker uniqueness
✅ Service Worker: Only public/sw.js exists

📋 Check 2: Cache headers configuration
✅ Headers: Cache-Control directives properly configured

📋 Check 3: VAPID public key validation
✅ VAPID: Valid P-256 public key (65 bytes, prefix: BN399Y_…)

📋 Check 4: Scanning source for hardcoded secrets
✅ Source scan: No hardcoded secrets or unauthorized VAPID helpers detected

📋 Check 5: Service Worker version bump
✅ Service Worker: Version 2025-10-15-02

📋 Check 6: VAPID loader module
✅ VAPID loader: src/lib/vapid-loader.ts exists

============================================================
✅ ALL PUSH GUARD CHECKS PASSED
============================================================

🚀 Proceeding with build...

vite v5.4.21 building for production...
transforming...
✓ 4411 modules transformed.
rendering chunks...
dist/index.html                                     8.09 kB
dist/assets/grid-pattern.C0O5llsq.png              20.85 kB
dist/assets/iphone-16-pro-max.Ddiy8e6N.png         33.79 kB
dist/assets/airpods-max.DG_7KfAy.png               41.68 kB
dist/assets/rolex-submariner.A9k_cAfW.png          48.45 kB
dist/assets/lamborghini-huracan.BDVrMRV0.png       50.88 kB
dist/assets/hermes-birkin.DHEqTVeR.png             68.73 kB
dist/assets/prod-hide-debug.Be_kZpfd.css            0.46 kB
dist/assets/MapContainer.bkSrcfSQ.css              74.96 kB
dist/assets/index.DiHLDph0.css                    352.60 kB
dist/assets/debugHelpers.DH9Zj0Q8.js                0.09 kB
dist/assets/pushPlatform.CTjVyOsx.js                0.22 kB
dist/assets/guard.YD1WsOZx.js                       0.54 kB
dist/assets/mapStore.pWyZwlrR.js                    0.57 kB
dist/assets/vapid-loader.DDVZ9YeA.js                0.69 kB
dist/assets/performanceOptimizer.BWj6DYfN.js        0.87 kB
dist/assets/MapHUDHeader.rpN6kuZ4.js                0.94 kB
dist/assets/swControllerGuard.C8cEiYWO.js           1.07 kB
dist/assets/EventsLayer.BPGYswAr.js                 1.14 kB
dist/assets/ControlZonesLayer.ztrk_ctt.js           1.25 kB
dist/assets/PushDebug.Ds6OBtE2.js                   1.27 kB
dist/assets/PortalsLayer.OyAoYaSi.js                1.54 kB
dist/assets/BadgeStackOverlay.BSqp_WJ9.js           1.57 kB
dist/assets/AgentsLayer.C01AxhkS.js                 1.63 kB
dist/assets/RadarOverlay._KDVmsco.js                1.92 kB
dist/assets/LegendHUD.iNSsYEpj.js                   2.13 kB
dist/assets/useAutoInterestSignals.DqJ37Aq3.js      2.14 kB
dist/assets/android-push-test.oh50Ovd0.js           2.57 kB
dist/assets/BillingSmokeTest.xLssfIii.js            2.58 kB
dist/assets/localCache.C59LjE01.js                  2.77 kB
dist/assets/testFcm.Fi65_V1i.js                     2.88 kB
dist/assets/accessibilityEnhancer.DdVEOO08.js       3.00 kB
dist/assets/native-push-test.-mUcSVm5.js            3.04 kB
dist/assets/PortalOverlay.KOqp0Vrl.js               3.06 kB
dist/assets/DockLeft.BfmDvFGA.js                    3.21 kB
dist/assets/interestSignals.CLkETULi.js             3.61 kB
dist/assets/three-vendor.BRl41h5-.js                4.23 kB
dist/assets/router-vendor.BgSu6UyZ.js               4.43 kB
dist/assets/productionMonitoring.BcYQY5QT.js        4.65 kB
dist/assets/silentAutoUpdate.CqrDDgdS.js            4.86 kB
dist/assets/ClaimRewardModal.DlTPRFsu.js            5.82 kB
dist/assets/index.C423qSi_.js                       6.26 kB
dist/assets/DevStripeKeysSetup.BcellOO4.js          7.07 kB
dist/assets/UserPushConsolePage.x1FIxq3T.js         7.19 kB
dist/assets/MarkersHealthcheck.ChP14ute.js         10.90 kB
dist/assets/stripe-vendor.D3iDsEpA.js              12.02 kB
dist/assets/ui-vendor.H0bU3l_Q.js                  74.83 kB
dist/assets/react-vendor.B02iMYpI.js              140.29 kB
dist/assets/index.es.CslvQu7c.js                  148.36 kB
dist/assets/map-vendor.UsibBQqU.js                154.25 kB
dist/assets/supabase-vendor.C2cHmFyE.js           156.35 kB
dist/assets/html2canvas.esm.CJ7z3xiY.js           198.20 kB
dist/assets/animation-vendor.DRwezC2O.js          450.59 kB
dist/assets/MapContainer.Oya0Dg7n.js              999.79 kB
dist/assets/index.DRQHTgdQ.js                   2,088.12 kB
✓ built in 43.97s
