
 ⛅️ wrangler 4.32.0 (update available 4.44.0)
─────────────────────────────────────────────
[
  {
    "Id": "61b04164-3f9b-434f-ae55-14e2fc6446c3",
    "Environment": "Preview",
    "Branch": "lovable-safe-preview",
    "Source": "c63021e",
    "Deployment": "https://61b04164.m1ssion-v2.pages.dev",
    "Status": "2 hours ago",
    "Build": "https://dash.cloudflare.com/500da52af182b29fb9bb710ec23c205f/pages/view/m1ssion-v2/61b04164-3f9b-434f-ae55-14e2fc6446c3"
  },
  {
    "Id": "07f7da90-63dc-4eee-8eb5-fe65cede7251",
    "Environment": "Preview",
    "Branch": "preview-m1-20251023073058",
    "Source": "c63021e",
    "Deployment": "https://07f7da90.m1ssion-v2.pages.dev",
    "Status": "4 hours ago",
    "Build": "https://dash.cloudflare.com/500da52af182b29fb9bb710ec23c205f/pages/view/m1ssion-v2/07f7da90-63dc-4eee-8eb5-fe65cede7251"
  },
  {
    "Id": "cf56a0b3-dbc5-4841-9daa-28d8415dd128",
    "Environment": "Preview",
    "Branch": "preview-m1-20251023073058",
    "Source": "c63021e",
    "Deployment": "https://cf56a0b3.m1ssion-v2.pages.dev",
    "Status": "4 hours ago",
    "Build": "https://dash.cloudflare.com/500da52af182b29fb9bb710ec23c205f/pages/view/m1ssion-v2/cf56a0b3-dbc5-4841-9daa-28d8415dd128"
  },
  {
    "Id": "56a88ba1-fe8c-4405-9ca5-e95f25571a5a",
    "Environment": "Preview",
    "Branch": "preview-m1-20251023073058",
    "Source": "c63021e",
    "Deployment": "https://56a88ba1.m1ssion-v2.pages.dev",
    "Status": "4 hours ago",
    "Build": "https://dash.cloudflare.com/500da52af182b29fb9bb710ec23c205f/pages/view/m1ssion-v2/56a88ba1-fe8c-4405-9ca5-e95f25571a5a"
  },
  {
    "Id": "f5350981-9564-4ed4-b13d-12366e8c50fb",
    "Environment": "Preview",
    "Branch": "preview-m1-20251023072019",
    "Source": "c63021e",
    "Deployment": "https://f5350981.m1ssion-v2.pages.dev",
    "Status": "4 hours ago",
    "Build": "https://dash.cloudflare.com/500da52af182b29fb9bb710ec23c205f/pages/view/m1ssion-v2/f5350981-9564-4ed4-b13d-12366e8c50fb"
  },
  {
    "Id": "019a44a3-6c99-4273-a8a3-5816423e7d2b",
    "Environment": "Preview",
    "Branch": "preview-m1-20251023061743",
    "Source": "m1-2025",
    "Deployment": "https://019a44a3.m1ssion-v2.pages.dev",
    "Status": "5 hours ago",
    "Build": "https://dash.cloudflare.com/500da52af182b29fb9bb710ec23c205f/pages/view/m1ssion-v2/019a44a3-6c99-4273-a8a3-5816423e7d2b"
  },
  {
    "Id": "0d56d2d1-292d-415a-a75c-925a86824722",
    "Environment": "Preview",
    "Branch": "preview-m1-20251022180849",
    "Source": "60d8cf5",
    "Deployment": "https://0d56d2d1.m1ssion-v2.pages.dev",
    "Status": "18 hours ago",
    "Build": "https://dash.cloudflare.com/500da52af182b29fb9bb710ec23c205f/pages/view/m1ssion-v2/0d56d2d1-292d-415a-a75c-925a86824722"
  },
  {
    "Id": "247ea0ee-0558-4d28-83bf-f0f8722e725c",
    "Environment": "Preview",
    "Branch": "preview-m1-20251022175828",
    "Source": "60d8cf5",
    "Deployment": "https://247ea0ee.m1ssion-v2.pages.dev",
    "Status": "18 hours ago",
    "Build": "https://dash.cloudflare.com/500da52af182b29fb9bb710ec23c205f/pages/view/m1ssion-v2/247ea0ee-0558-4d28-83bf-f0f8722e725c"
  },
  {
    "Id": "e4465d40-d542-4147-b62d-7935d71a2ad8",
    "Environment": "Preview",
    "Branch": "preview-m1-20251022173441",
    "Source": "60d8cf5",
    "Deployment": "https://e4465d40.m1ssion-v2.pages.dev",
    "Status": "18 hours ago",
    "Build": "https://dash.cloudflare.com/500da52af182b29fb9bb710ec23c205f/pages/view/m1ssion-v2/e4465d40-d542-4147-b62d-7935d71a2ad8"
  },
  {
    "Id": "cfe2ba86-0c44-4767-9ab1-54e1005a745e",
    "Environment": "Preview",
    "Branch": "preview-m1-20251022171028",
    "Source": "60d8cf5",
    "Deployment": "https://cfe2ba86.m1ssion-v2.pages.dev",
    "Status": "18 hours ago",
    "Build": "https://dash.cloudflare.com/500da52af182b29fb9bb710ec23c205f/pages/view/m1ssion-v2/cfe2ba86-0c44-4767-9ab1-54e1005a745e"
  },
  {
    "Id": "0297e693-da55-4a86-8b8c-060842b1a38b",
    "Environment": "Preview",
    "Branch": "preview-m1-20251022164059",
    "Source": "60d8cf5",
    "Deployment": "https://0297e693.m1ssion-v2.pages.dev",
    "Status": "19 hours ago",
    "Build": "https://dash.cloudflare.com/500da52af182b29fb9bb710ec23c205f/pages/view/m1ssion-v2/0297e693-da55-4a86-8b8c-060842b1a38b"
  },
  {
    "Id": "1fdf7e9b-7387-42ae-bb41-685ec8064795",
    "Environment": "Production",
    "Branch": "main",
    "Source": "60d8cf5",
    "Deployment": "https://1fdf7e9b.m1ssion-v2.pages.dev",
    "Status": "20 hours ago",
    "Build": "https://dash.cloudflare.com/500da52af182b29fb9bb710ec23c205f/pages/view/m1ssion-v2/1fdf7e9b-7387-42ae-bb41-685ec8064795"
  },
  {
    "Id": "d118df20-609e-4c5b-820f-ed2da4d549a4",
    "Environment": "Preview",
    "Branch": "preview-m1-20251022153345",
    "Source": "60d8cf5",
    "Deployment": "https://d118df20.m1ssion-v2.pages.dev",
    "Status": "20 hours ago",
    "Build": "https://dash.cloudflare.com/500da52af182b29fb9bb710ec23c205f/pages/view/m1ssion-v2/d118df20-609e-4c5b-820f-ed2da4d549a4"
  },
  {
    "Id": "49eabe27-335a-4bfa-a610-b39bb0c06513",
    "Environment": "Production",
    "Branch": "main",
    "Source": "60d8cf5",
    "Deployment": "https://49eabe27.m1ssion-v2.pages.dev",
    "Status": "21 hours ago",
    "Build": "https://dash.cloudflare.com/500da52af182b29fb9bb710ec23c205f/pages/view/m1ssion-v2/49eabe27-335a-4bfa-a610-b39bb0c06513"
  },
  {
    "Id": "77734136-572e-45a8-b1a5-780f033c05c2",
    "Environment": "Preview",
    "Branch": "pipeline-v2-c63021eda21a7f6ea1b6056f1999f2b84f34789f",
    "Source": "c63021e",
    "Deployment": "https://77734136.m1ssion-v2.pages.dev",
    "Status": "21 hours ago",
    "Build": "https://dash.cloudflare.com/500da52af182b29fb9bb710ec23c205f/pages/view/m1ssion-v2/77734136-572e-45a8-b1a5-780f033c05c2"
  },
  {
    "Id": "86e28b46-d480-4faa-8000-93585eaf8420",
    "Environment": "Production",
    "Branch": "main",
    "Source": "08c2f4d",
    "Deployment": "https://86e28b46.m1ssion-v2.pages.dev",
    "Status": "22 hours ago",
    "Build": "https://dash.cloudflare.com/500da52af182b29fb9bb710ec23c205f/pages/view/m1ssion-v2/86e28b46-d480-4faa-8000-93585eaf8420"
  },
  {
    "Id": "b09131ed-7010-408c-82e0-1de31d3b6189",
    "Environment": "Production",
    "Branch": "main",
    "Source": "08c2f4d",
    "Deployment": "https://b09131ed.m1ssion-v2.pages.dev",
    "Status": "1 day ago",
    "Build": "https://dash.cloudflare.com/500da52af182b29fb9bb710ec23c205f/pages/view/m1ssion-v2/b09131ed-7010-408c-82e0-1de31d3b6189"
  },
  {
    "Id": "2d09edf8-4206-4681-b031-82e096c1cc83",
    "Environment": "Production",
    "Branch": "main",
    "Source": "08c2f4d",
    "Deployment": "https://2d09edf8.m1ssion-v2.pages.dev",
    "Status": "1 day ago",
    "Build": "https://dash.cloudflare.com/500da52af182b29fb9bb710ec23c205f/pages/view/m1ssion-v2/2d09edf8-4206-4681-b031-82e096c1cc83"
  },
  {
    "Id": "7dadc1eb-0cbb-46f3-ba5c-739a2b8a02df",
    "Environment": "Preview",
    "Branch": "preview-v20251022112407",
    "Source": "de5443e",
    "Deployment": "https://7dadc1eb.m1ssion-v2.pages.dev",
    "Status": "1 day ago",
    "Build": "https://dash.cloudflare.com/500da52af182b29fb9bb710ec23c205f/pages/view/m1ssion-v2/7dadc1eb-0cbb-46f3-ba5c-739a2b8a02df"
  },
  {
    "Id": "8f642f5e-ef10-4660-ab8c-5a6b3db309a9",
    "Environment": "Preview",
    "Branch": "preview-v20251022111859",
    "Source": "de5443e",
    "Deployment": "https://8f642f5e.m1ssion-v2.pages.dev",
    "Status": "1 day ago",
    "Build": "https://dash.cloudflare.com/500da52af182b29fb9bb710ec23c205f/pages/view/m1ssion-v2/8f642f5e-ef10-4660-ab8c-5a6b3db309a9"
  },
  {
    "Id": "228e7448-7d6f-4e3c-af0e-a1ccd4871728",
    "Environment": "Preview",
    "Branch": "preview-v20251022110913",
    "Source": "de5443e",
    "Deployment": "https://228e7448.m1ssion-v2.pages.dev",
    "Status": "1 day ago",
    "Build": "https://dash.cloudflare.com/500da52af182b29fb9bb710ec23c205f/pages/view/m1ssion-v2/228e7448-7d6f-4e3c-af0e-a1ccd4871728"
  },
  {
    "Id": "39e6d6cf-e151-4b81-89f2-a03b6378e843",
    "Environment": "Preview",
    "Branch": "preview-v20251022110435",
    "Source": "de5443e",
    "Deployment": "https://39e6d6cf.m1ssion-v2.pages.dev",
    "Status": "1 day ago",
    "Build": "https://dash.cloudflare.com/500da52af182b29fb9bb710ec23c205f/pages/view/m1ssion-v2/39e6d6cf-e151-4b81-89f2-a03b6378e843"
  },
  {
    "Id": "227b86c0-cb47-4316-a7bb-1ad19e0e8fb2",
    "Environment": "Preview",
    "Branch": "preview-20251022103600",
    "Source": "de5443e",
    "Deployment": "https://227b86c0.m1ssion-v2.pages.dev",
    "Status": "1 day ago",
    "Build": "https://dash.cloudflare.com/500da52af182b29fb9bb710ec23c205f/pages/view/m1ssion-v2/227b86c0-cb47-4316-a7bb-1ad19e0e8fb2"
  },
  {
    "Id": "07b90d23-f5be-4936-972d-68c449304cf3",
    "Environment": "Preview",
    "Branch": "preview-clean-20251022084207",
    "Source": "de5443e",
    "Deployment": "https://07b90d23.m1ssion-v2.pages.dev",
    "Status": "1 day ago",
    "Build": "https://dash.cloudflare.com/500da52af182b29fb9bb710ec23c205f/pages/view/m1ssion-v2/07b90d23-f5be-4936-972d-68c449304cf3"
  },
  {
    "Id": "b45b4ef5-3e1b-4b4c-a684-023ec0fc3c57",
    "Environment": "Preview",
    "Branch": "force-favicon-20251022064911",
    "Source": "de5443e",
    "Deployment": "https://b45b4ef5.m1ssion-v2.pages.dev",
    "Status": "1 day ago",
    "Build": "https://dash.cloudflare.com/500da52af182b29fb9bb710ec23c205f/pages/view/m1ssion-v2/b45b4ef5-3e1b-4b4c-a684-023ec0fc3c57"
  }
]
